{"E:\\ignite\\react-native\\Aplicativos desenvolvidos\\GoFinancesID\\src\\components\\Form\\Button\\index.tsx": {"path":"E:\\ignite\\react-native\\Aplicativos desenvolvidos\\GoFinancesID\\src\\components\\Form\\Button\\index.tsx","statementMap":{"0":{"start":{"line":16,"column":4},"end":{"line":22,"column":5}}},"fnMap":{"0":{"name":"Button","decl":{"start":{"line":11,"column":16},"end":{"line":11,"column":22}},"loc":{"start":{"line":15,"column":10},"end":{"line":23,"column":1}},"line":15}},"branchMap":{},"s":{"0":4},"f":{"0":4},"b":{},"_coverageSchema":"1a1c01bbd47fc00a2c39e90264f33305004495a9","hash":"bd905220c6b1af804c47425f5bd858c314c742f8"}
,"E:\\ignite\\react-native\\Aplicativos desenvolvidos\\GoFinancesID\\src\\components\\Form\\Button\\styles.ts": {"path":"E:\\ignite\\react-native\\Aplicativos desenvolvidos\\GoFinancesID\\src\\components\\Form\\Button\\styles.ts","statementMap":{"0":{"start":{"line":5,"column":25},"end":{"line":12,"column":1}},"1":{"start":{"line":7,"column":39},"end":{"line":7,"column":61}},"2":{"start":{"line":14,"column":21},"end":{"line":19,"column":1}},"3":{"start":{"line":15,"column":34},"end":{"line":15,"column":52}},"4":{"start":{"line":18,"column":28},"end":{"line":18,"column":46}}},"fnMap":{"0":{"name":"(anonymous_0)","decl":{"start":{"line":7,"column":24},"end":{"line":7,"column":25}},"loc":{"start":{"line":7,"column":39},"end":{"line":7,"column":61}},"line":7},"1":{"name":"(anonymous_1)","decl":{"start":{"line":15,"column":19},"end":{"line":15,"column":20}},"loc":{"start":{"line":15,"column":34},"end":{"line":15,"column":52}},"line":15},"2":{"name":"(anonymous_2)","decl":{"start":{"line":18,"column":13},"end":{"line":18,"column":14}},"loc":{"start":{"line":18,"column":28},"end":{"line":18,"column":46}},"line":18}},"branchMap":{},"s":{"0":1,"1":4,"2":1,"3":4,"4":4},"f":{"0":4,"1":4,"2":4},"b":{},"_coverageSchema":"1a1c01bbd47fc00a2c39e90264f33305004495a9","hash":"df92ecd616365508988268eb288535142748aa3e"}
,"E:\\ignite\\react-native\\Aplicativos desenvolvidos\\GoFinancesID\\src\\components\\Form\\CategorySelectButton\\index.tsx": {"path":"E:\\ignite\\react-native\\Aplicativos desenvolvidos\\GoFinancesID\\src\\components\\Form\\CategorySelectButton\\index.tsx","statementMap":{"0":{"start":{"line":20,"column":4},"end":{"line":25,"column":5}}},"fnMap":{"0":{"name":"CategorySelectButton","decl":{"start":{"line":15,"column":16},"end":{"line":15,"column":36}},"loc":{"start":{"line":19,"column":10},"end":{"line":26,"column":1}},"line":19}},"branchMap":{},"s":{"0":2},"f":{"0":2},"b":{},"_coverageSchema":"1a1c01bbd47fc00a2c39e90264f33305004495a9","hash":"c2a7d3953929544505cacc962afe2e5e1fb84119"}
,"E:\\ignite\\react-native\\Aplicativos desenvolvidos\\GoFinancesID\\src\\components\\Form\\CategorySelectButton\\styles.ts": {"path":"E:\\ignite\\react-native\\Aplicativos desenvolvidos\\GoFinancesID\\src\\components\\Form\\CategorySelectButton\\styles.ts","statementMap":{"0":{"start":{"line":6,"column":25},"end":{"line":16,"column":1}},"1":{"start":{"line":9,"column":39},"end":{"line":9,"column":57}},"2":{"start":{"line":18,"column":24},"end":{"line":21,"column":1}},"3":{"start":{"line":19,"column":34},"end":{"line":19,"column":53}},"4":{"start":{"line":23,"column":20},"end":{"line":26,"column":1}},"5":{"start":{"line":25,"column":28},"end":{"line":25,"column":45}}},"fnMap":{"0":{"name":"(anonymous_0)","decl":{"start":{"line":9,"column":24},"end":{"line":9,"column":25}},"loc":{"start":{"line":9,"column":39},"end":{"line":9,"column":57}},"line":9},"1":{"name":"(anonymous_1)","decl":{"start":{"line":19,"column":19},"end":{"line":19,"column":20}},"loc":{"start":{"line":19,"column":34},"end":{"line":19,"column":53}},"line":19},"2":{"name":"(anonymous_2)","decl":{"start":{"line":25,"column":13},"end":{"line":25,"column":14}},"loc":{"start":{"line":25,"column":28},"end":{"line":25,"column":45}},"line":25}},"branchMap":{},"s":{"0":1,"1":2,"2":1,"3":2,"4":1,"5":2},"f":{"0":2,"1":2,"2":2},"b":{},"_coverageSchema":"1a1c01bbd47fc00a2c39e90264f33305004495a9","hash":"b05fc4619cf5ca06ef4d911966f54b2c9c73a031"}
,"E:\\ignite\\react-native\\Aplicativos desenvolvidos\\GoFinancesID\\src\\components\\Form\\Input\\index.tsx": {"path":"E:\\ignite\\react-native\\Aplicativos desenvolvidos\\GoFinancesID\\src\\components\\Form\\Input\\index.tsx","statementMap":{"0":{"start":{"line":13,"column":4},"end":{"line":18,"column":5}}},"fnMap":{"0":{"name":"Input","decl":{"start":{"line":10,"column":16},"end":{"line":10,"column":21}},"loc":{"start":{"line":12,"column":20},"end":{"line":19,"column":1}},"line":12}},"branchMap":{"0":{"loc":{"start":{"line":11,"column":4},"end":{"line":11,"column":18}},"type":"default-arg","locations":[{"start":{"line":11,"column":13},"end":{"line":11,"column":18}}],"line":11}},"s":{"0":5},"f":{"0":5},"b":{"0":[4]},"_coverageSchema":"1a1c01bbd47fc00a2c39e90264f33305004495a9","hash":"fa123fff16c591b3d73aba8a2c16b91cd9a9b45d"}
,"E:\\ignite\\react-native\\Aplicativos desenvolvidos\\GoFinancesID\\src\\components\\Form\\Input\\styles.ts": {"path":"E:\\ignite\\react-native\\Aplicativos desenvolvidos\\GoFinancesID\\src\\components\\Form\\Input\\styles.ts","statementMap":{"0":{"start":{"line":9,"column":25},"end":{"line":26,"column":1}},"1":{"start":{"line":13,"column":34},"end":{"line":13,"column":53}},"2":{"start":{"line":16,"column":28},"end":{"line":16,"column":50}},"3":{"start":{"line":17,"column":39},"end":{"line":17,"column":57}},"4":{"start":{"line":22,"column":29},"end":{"line":25,"column":5}}},"fnMap":{"0":{"name":"(anonymous_0)","decl":{"start":{"line":13,"column":19},"end":{"line":13,"column":20}},"loc":{"start":{"line":13,"column":34},"end":{"line":13,"column":53}},"line":13},"1":{"name":"(anonymous_1)","decl":{"start":{"line":16,"column":13},"end":{"line":16,"column":14}},"loc":{"start":{"line":16,"column":28},"end":{"line":16,"column":50}},"line":16},"2":{"name":"(anonymous_2)","decl":{"start":{"line":17,"column":24},"end":{"line":17,"column":25}},"loc":{"start":{"line":17,"column":39},"end":{"line":17,"column":57}},"line":17},"3":{"name":"(anonymous_3)","decl":{"start":{"line":22,"column":6},"end":{"line":22,"column":7}},"loc":{"start":{"line":22,"column":29},"end":{"line":25,"column":5}},"line":22}},"branchMap":{"0":{"loc":{"start":{"line":22,"column":29},"end":{"line":25,"column":5}},"type":"binary-expr","locations":[{"start":{"line":22,"column":29},"end":{"line":22,"column":35}},{"start":{"line":22,"column":39},"end":{"line":25,"column":5}}],"line":22}},"s":{"0":2,"1":5,"2":5,"3":5,"4":5},"f":{"0":5,"1":5,"2":5,"3":5},"b":{"0":[5,1]},"_coverageSchema":"1a1c01bbd47fc00a2c39e90264f33305004495a9","hash":"ac7740450f153bf0bd3fb540e8334efb536ca65a"}
,"E:\\ignite\\react-native\\Aplicativos desenvolvidos\\GoFinancesID\\src\\components\\Form\\InputForm\\index.tsx": {"path":"E:\\ignite\\react-native\\Aplicativos desenvolvidos\\GoFinancesID\\src\\components\\Form\\InputForm\\index.tsx","statementMap":{"0":{"start":{"line":21,"column":4},"end":{"line":36,"column":5}},"1":{"start":{"line":26,"column":20},"end":{"line":30,"column":22}}},"fnMap":{"0":{"name":"InputForm","decl":{"start":{"line":15,"column":16},"end":{"line":15,"column":25}},"loc":{"start":{"line":20,"column":10},"end":{"line":37,"column":1}},"line":20},"1":{"name":"(anonymous_1)","decl":{"start":{"line":25,"column":24},"end":{"line":25,"column":25}},"loc":{"start":{"line":26,"column":20},"end":{"line":30,"column":22}},"line":26}},"branchMap":{"0":{"loc":{"start":{"line":34,"column":14},"end":{"line":34,"column":45}},"type":"binary-expr","locations":[{"start":{"line":34,"column":14},"end":{"line":34,"column":19}},{"start":{"line":34,"column":23},"end":{"line":34,"column":45}}],"line":34}},"s":{"0":4,"1":4},"f":{"0":4,"1":4},"b":{"0":[4,0]},"_coverageSchema":"1a1c01bbd47fc00a2c39e90264f33305004495a9","hash":"ed8f8bbfb4f42d77580f105aa2c9755dd33fefda"}
,"E:\\ignite\\react-native\\Aplicativos desenvolvidos\\GoFinancesID\\src\\components\\Form\\InputForm\\styles.ts": {"path":"E:\\ignite\\react-native\\Aplicativos desenvolvidos\\GoFinancesID\\src\\components\\Form\\InputForm\\styles.ts","statementMap":{"0":{"start":{"line":4,"column":25},"end":{"line":6,"column":1}},"1":{"start":{"line":8,"column":21},"end":{"line":14,"column":1}},"2":{"start":{"line":10,"column":34},"end":{"line":10,"column":53}},"3":{"start":{"line":11,"column":28},"end":{"line":11,"column":49}}},"fnMap":{"0":{"name":"(anonymous_0)","decl":{"start":{"line":10,"column":19},"end":{"line":10,"column":20}},"loc":{"start":{"line":10,"column":34},"end":{"line":10,"column":53}},"line":10},"1":{"name":"(anonymous_1)","decl":{"start":{"line":11,"column":13},"end":{"line":11,"column":14}},"loc":{"start":{"line":11,"column":28},"end":{"line":11,"column":49}},"line":11}},"branchMap":{},"s":{"0":1,"1":1,"2":0,"3":0},"f":{"0":0,"1":0},"b":{},"_coverageSchema":"1a1c01bbd47fc00a2c39e90264f33305004495a9","hash":"d556f08e4307918c0cfa8030ec61212fac9543c0"}
,"E:\\ignite\\react-native\\Aplicativos desenvolvidos\\GoFinancesID\\src\\components\\Form\\TransactionTypeButton\\index.tsx": {"path":"E:\\ignite\\react-native\\Aplicativos desenvolvidos\\GoFinancesID\\src\\components\\Form\\TransactionTypeButton\\index.tsx","statementMap":{"0":{"start":{"line":11,"column":14},"end":{"line":14,"column":1}},"1":{"start":{"line":28,"column":4},"end":{"line":43,"column":5}}},"fnMap":{"0":{"name":"TransactionTypeButton","decl":{"start":{"line":22,"column":16},"end":{"line":22,"column":37}},"loc":{"start":{"line":27,"column":10},"end":{"line":44,"column":1}},"line":27}},"branchMap":{},"s":{"0":1,"1":4},"f":{"0":4},"b":{},"_coverageSchema":"1a1c01bbd47fc00a2c39e90264f33305004495a9","hash":"611c4a8bcbc97f820b0b0470293b27b049970e1d"}
,"E:\\ignite\\react-native\\Aplicativos desenvolvidos\\GoFinancesID\\src\\components\\Form\\TransactionTypeButton\\styles.ts": {"path":"E:\\ignite\\react-native\\Aplicativos desenvolvidos\\GoFinancesID\\src\\components\\Form\\TransactionTypeButton\\styles.ts","statementMap":{"0":{"start":{"line":15,"column":25},"end":{"line":30,"column":1}},"1":{"start":{"line":18,"column":38},"end":{"line":18,"column":56}},"2":{"start":{"line":20,"column":35},"end":{"line":20,"column":52}},"3":{"start":{"line":23,"column":30},"end":{"line":25,"column":5}},"4":{"start":{"line":24,"column":43},"end":{"line":24,"column":69}},"5":{"start":{"line":27,"column":30},"end":{"line":29,"column":5}},"6":{"start":{"line":28,"column":43},"end":{"line":28,"column":70}},"7":{"start":{"line":32,"column":22},"end":{"line":38,"column":1}},"8":{"start":{"line":40,"column":20},"end":{"line":47,"column":1}},"9":{"start":{"line":45,"column":8},"end":{"line":45,"column":68}},"10":{"start":{"line":49,"column":21},"end":{"line":52,"column":1}},"11":{"start":{"line":50,"column":34},"end":{"line":50,"column":53}}},"fnMap":{"0":{"name":"(anonymous_0)","decl":{"start":{"line":18,"column":20},"end":{"line":18,"column":21}},"loc":{"start":{"line":18,"column":38},"end":{"line":18,"column":56}},"line":18},"1":{"name":"(anonymous_1)","decl":{"start":{"line":20,"column":20},"end":{"line":20,"column":21}},"loc":{"start":{"line":20,"column":35},"end":{"line":20,"column":52}},"line":20},"2":{"name":"(anonymous_2)","decl":{"start":{"line":23,"column":6},"end":{"line":23,"column":7}},"loc":{"start":{"line":23,"column":30},"end":{"line":25,"column":5}},"line":23},"3":{"name":"(anonymous_3)","decl":{"start":{"line":24,"column":28},"end":{"line":24,"column":29}},"loc":{"start":{"line":24,"column":43},"end":{"line":24,"column":69}},"line":24},"4":{"name":"(anonymous_4)","decl":{"start":{"line":27,"column":6},"end":{"line":27,"column":7}},"loc":{"start":{"line":27,"column":30},"end":{"line":29,"column":5}},"line":27},"5":{"name":"(anonymous_5)","decl":{"start":{"line":28,"column":28},"end":{"line":28,"column":29}},"loc":{"start":{"line":28,"column":43},"end":{"line":28,"column":70}},"line":28},"6":{"name":"(anonymous_6)","decl":{"start":{"line":44,"column":13},"end":{"line":44,"column":14}},"loc":{"start":{"line":45,"column":8},"end":{"line":45,"column":68}},"line":45},"7":{"name":"(anonymous_7)","decl":{"start":{"line":50,"column":19},"end":{"line":50,"column":20}},"loc":{"start":{"line":50,"column":34},"end":{"line":50,"column":53}},"line":50}},"branchMap":{"0":{"loc":{"start":{"line":18,"column":38},"end":{"line":18,"column":56}},"type":"cond-expr","locations":[{"start":{"line":18,"column":49},"end":{"line":18,"column":50}},{"start":{"line":18,"column":53},"end":{"line":18,"column":56}}],"line":18},"1":{"loc":{"start":{"line":23,"column":30},"end":{"line":25,"column":5}},"type":"binary-expr","locations":[{"start":{"line":23,"column":30},"end":{"line":23,"column":38}},{"start":{"line":23,"column":42},"end":{"line":23,"column":55}},{"start":{"line":23,"column":59},"end":{"line":25,"column":5}}],"line":23},"2":{"loc":{"start":{"line":27,"column":30},"end":{"line":29,"column":5}},"type":"binary-expr","locations":[{"start":{"line":27,"column":30},"end":{"line":27,"column":38}},{"start":{"line":27,"column":42},"end":{"line":27,"column":57}},{"start":{"line":27,"column":61},"end":{"line":29,"column":5}}],"line":27},"3":{"loc":{"start":{"line":45,"column":8},"end":{"line":45,"column":68}},"type":"cond-expr","locations":[{"start":{"line":45,"column":24},"end":{"line":45,"column":44}},{"start":{"line":45,"column":47},"end":{"line":45,"column":68}}],"line":45}},"s":{"0":1,"1":4,"2":4,"3":4,"4":0,"5":4,"6":0,"7":1,"8":1,"9":4,"10":1,"11":4},"f":{"0":4,"1":4,"2":4,"3":0,"4":4,"5":0,"6":4,"7":4},"b":{"0":[0,4],"1":[4,0,0],"2":[4,0,0],"3":[2,2]},"_coverageSchema":"1a1c01bbd47fc00a2c39e90264f33305004495a9","hash":"128a13be9cc6e966727f88fb5e43fa1373d0b160"}
,"E:\\ignite\\react-native\\Aplicativos desenvolvidos\\GoFinancesID\\src\\global\\theme.ts": {"path":"E:\\ignite\\react-native\\Aplicativos desenvolvidos\\GoFinancesID\\src\\global\\theme.ts","statementMap":{},"fnMap":{},"branchMap":{},"s":{},"f":{},"b":{},"_coverageSchema":"1a1c01bbd47fc00a2c39e90264f33305004495a9","hash":"64d322eb93a7eac93517bdbe06efd9882e85fc87"}
,"E:\\ignite\\react-native\\Aplicativos desenvolvidos\\GoFinancesID\\src\\hooks\\auth.tsx": {"path":"E:\\ignite\\react-native\\Aplicativos desenvolvidos\\GoFinancesID\\src\\hooks\\auth.tsx","statementMap":{"0":{"start":{"line":9,"column":22},"end":{"line":9,"column":33}},"1":{"start":{"line":10,"column":25},"end":{"line":10,"column":36}},"2":{"start":{"line":42,"column":27},"end":{"line":42,"column":64}},"3":{"start":{"line":45,"column":28},"end":{"line":45,"column":54}},"4":{"start":{"line":46,"column":56},"end":{"line":46,"column":70}},"5":{"start":{"line":48,"column":27},"end":{"line":48,"column":45}},"6":{"start":{"line":51,"column":8},"end":{"line":79,"column":9}},"7":{"start":{"line":52,"column":34},"end":{"line":52,"column":41}},"8":{"start":{"line":53,"column":26},"end":{"line":53,"column":52}},"9":{"start":{"line":55,"column":28},"end":{"line":55,"column":172}},"10":{"start":{"line":57,"column":37},"end":{"line":58,"column":61}},"11":{"start":{"line":61,"column":12},"end":{"line":76,"column":13}},"12":{"start":{"line":62,"column":33},"end":{"line":62,"column":138}},"13":{"start":{"line":63,"column":33},"end":{"line":63,"column":54}},"14":{"start":{"line":66,"column":41},"end":{"line":71,"column":17}},"15":{"start":{"line":73,"column":16},"end":{"line":73,"column":36}},"16":{"start":{"line":75,"column":16},"end":{"line":75,"column":86}},"17":{"start":{"line":83,"column":8},"end":{"line":107,"column":9}},"18":{"start":{"line":84,"column":31},"end":{"line":89,"column":14}},"19":{"start":{"line":91,"column":12},"end":{"line":104,"column":13}},"20":{"start":{"line":92,"column":29},"end":{"line":92,"column":60}},"21":{"start":{"line":93,"column":30},"end":{"line":93,"column":79}},"22":{"start":{"line":95,"column":35},"end":{"line":100,"column":17}},"23":{"start":{"line":102,"column":16},"end":{"line":102,"column":36}},"24":{"start":{"line":103,"column":16},"end":{"line":103,"column":91}},"25":{"start":{"line":111,"column":8},"end":{"line":111,"column":28}},"26":{"start":{"line":112,"column":8},"end":{"line":112,"column":54}},"27":{"start":{"line":115,"column":4},"end":{"line":128,"column":11}},"28":{"start":{"line":117,"column":33},"end":{"line":117,"column":75}},"29":{"start":{"line":119,"column":12},"end":{"line":122,"column":13}},"30":{"start":{"line":120,"column":35},"end":{"line":120,"column":67}},"31":{"start":{"line":121,"column":16},"end":{"line":121,"column":36}},"32":{"start":{"line":124,"column":12},"end":{"line":124,"column":41}},"33":{"start":{"line":127,"column":8},"end":{"line":127,"column":26}},"34":{"start":{"line":130,"column":4},"end":{"line":140,"column":6}},"35":{"start":{"line":144,"column":20},"end":{"line":144,"column":43}},"36":{"start":{"line":146,"column":4},"end":{"line":146,"column":19}}},"fnMap":{"0":{"name":"AuthProvider","decl":{"start":{"line":44,"column":9},"end":{"line":44,"column":21}},"loc":{"start":{"line":44,"column":52},"end":{"line":141,"column":1}},"line":44},"1":{"name":"signInWithGoogle","decl":{"start":{"line":50,"column":19},"end":{"line":50,"column":35}},"loc":{"start":{"line":50,"column":38},"end":{"line":80,"column":5}},"line":50},"2":{"name":"signInWithApple","decl":{"start":{"line":82,"column":19},"end":{"line":82,"column":34}},"loc":{"start":{"line":82,"column":37},"end":{"line":108,"column":5}},"line":82},"3":{"name":"signOut","decl":{"start":{"line":110,"column":19},"end":{"line":110,"column":26}},"loc":{"start":{"line":110,"column":28},"end":{"line":113,"column":5}},"line":110},"4":{"name":"(anonymous_4)","decl":{"start":{"line":115,"column":14},"end":{"line":115,"column":15}},"loc":{"start":{"line":115,"column":20},"end":{"line":128,"column":5}},"line":115},"5":{"name":"loadStorageDate","decl":{"start":{"line":116,"column":23},"end":{"line":116,"column":38}},"loc":{"start":{"line":116,"column":41},"end":{"line":125,"column":9}},"line":116},"6":{"name":"useAuth","decl":{"start":{"line":143,"column":9},"end":{"line":143,"column":16}},"loc":{"start":{"line":143,"column":18},"end":{"line":147,"column":1}},"line":143}},"branchMap":{"0":{"loc":{"start":{"line":61,"column":12},"end":{"line":76,"column":13}},"type":"if","locations":[{"start":{"line":61,"column":12},"end":{"line":76,"column":13}},{"start":{},"end":{}}],"line":61},"1":{"loc":{"start":{"line":91,"column":12},"end":{"line":104,"column":13}},"type":"if","locations":[{"start":{"line":91,"column":12},"end":{"line":104,"column":13}},{"start":{},"end":{}}],"line":91},"2":{"loc":{"start":{"line":119,"column":12},"end":{"line":122,"column":13}},"type":"if","locations":[{"start":{"line":119,"column":12},"end":{"line":122,"column":13}},{"start":{},"end":{}}],"line":119}},"s":{"0":2,"1":2,"2":2,"3":2,"4":2,"5":2,"6":1,"7":1,"8":1,"9":1,"10":1,"11":1,"12":1,"13":1,"14":1,"15":1,"16":1,"17":0,"18":0,"19":0,"20":0,"21":0,"22":0,"23":0,"24":0,"25":0,"26":0,"27":2,"28":1,"29":0,"30":0,"31":0,"32":0,"33":1,"34":2,"35":4,"36":4},"f":{"0":2,"1":1,"2":0,"3":0,"4":1,"5":1,"6":4},"b":{"0":[1,0],"1":[0,0],"2":[0,0]},"_coverageSchema":"1a1c01bbd47fc00a2c39e90264f33305004495a9","hash":"22a6e888e4da5a51264ca4d96f6fbc016829ed14"}
,"E:\\ignite\\react-native\\Aplicativos desenvolvidos\\GoFinancesID\\src\\screens\\CategorySelect\\index.tsx": {"path":"E:\\ignite\\react-native\\Aplicativos desenvolvidos\\GoFinancesID\\src\\screens\\CategorySelect\\index.tsx","statementMap":{"0":{"start":{"line":36,"column":8},"end":{"line":36,"column":29}},"1":{"start":{"line":39,"column":4},"end":{"line":68,"column":5}},"2":{"start":{"line":48,"column":40},"end":{"line":48,"column":48}},"3":{"start":{"line":50,"column":20},"end":{"line":56,"column":31}},"4":{"start":{"line":51,"column":39},"end":{"line":51,"column":65}},"5":{"start":{"line":58,"column":46},"end":{"line":58,"column":59}}},"fnMap":{"0":{"name":"CategorySelect","decl":{"start":{"line":30,"column":16},"end":{"line":30,"column":30}},"loc":{"start":{"line":34,"column":10},"end":{"line":69,"column":1}},"line":34},"1":{"name":"handleCategorySelect","decl":{"start":{"line":35,"column":13},"end":{"line":35,"column":33}},"loc":{"start":{"line":35,"column":53},"end":{"line":37,"column":5}},"line":35},"2":{"name":"(anonymous_2)","decl":{"start":{"line":48,"column":30},"end":{"line":48,"column":31}},"loc":{"start":{"line":48,"column":40},"end":{"line":48,"column":48}},"line":48},"3":{"name":"(anonymous_3)","decl":{"start":{"line":49,"column":28},"end":{"line":49,"column":29}},"loc":{"start":{"line":50,"column":20},"end":{"line":56,"column":31}},"line":50},"4":{"name":"(anonymous_4)","decl":{"start":{"line":51,"column":33},"end":{"line":51,"column":34}},"loc":{"start":{"line":51,"column":39},"end":{"line":51,"column":65}},"line":51},"5":{"name":"(anonymous_5)","decl":{"start":{"line":58,"column":40},"end":{"line":58,"column":41}},"loc":{"start":{"line":58,"column":46},"end":{"line":58,"column":59}},"line":58}},"branchMap":{},"s":{"0":0,"1":2,"2":12,"3":12,"4":0,"5":10},"f":{"0":2,"1":0,"2":12,"3":12,"4":0,"5":10},"b":{},"_coverageSchema":"1a1c01bbd47fc00a2c39e90264f33305004495a9","hash":"5b363b95f0ec1cc63452df9fa7bcd9f3e3d3fef8"}
,"E:\\ignite\\react-native\\Aplicativos desenvolvidos\\GoFinancesID\\src\\screens\\CategorySelect\\styles.ts": {"path":"E:\\ignite\\react-native\\Aplicativos desenvolvidos\\GoFinancesID\\src\\screens\\CategorySelect\\styles.ts","statementMap":{"0":{"start":{"line":13,"column":25},"end":{"line":16,"column":1}},"1":{"start":{"line":15,"column":39},"end":{"line":15,"column":62}},"2":{"start":{"line":18,"column":22},"end":{"line":27,"column":1}},"3":{"start":{"line":22,"column":39},"end":{"line":22,"column":59}},"4":{"start":{"line":29,"column":21},"end":{"line":33,"column":1}},"5":{"start":{"line":30,"column":34},"end":{"line":30,"column":53}},"6":{"start":{"line":31,"column":28},"end":{"line":31,"column":46}},"7":{"start":{"line":35,"column":24},"end":{"line":45,"column":1}},"8":{"start":{"line":43,"column":8},"end":{"line":43,"column":73}},"9":{"start":{"line":47,"column":20},"end":{"line":50,"column":1}},"10":{"start":{"line":52,"column":20},"end":{"line":55,"column":1}},"11":{"start":{"line":53,"column":34},"end":{"line":53,"column":53}},"12":{"start":{"line":57,"column":25},"end":{"line":62,"column":1}},"13":{"start":{"line":61,"column":39},"end":{"line":61,"column":61}},"14":{"start":{"line":65,"column":22},"end":{"line":68,"column":1}}},"fnMap":{"0":{"name":"(anonymous_0)","decl":{"start":{"line":15,"column":24},"end":{"line":15,"column":25}},"loc":{"start":{"line":15,"column":39},"end":{"line":15,"column":62}},"line":15},"1":{"name":"(anonymous_1)","decl":{"start":{"line":22,"column":24},"end":{"line":22,"column":25}},"loc":{"start":{"line":22,"column":39},"end":{"line":22,"column":59}},"line":22},"2":{"name":"(anonymous_2)","decl":{"start":{"line":30,"column":19},"end":{"line":30,"column":20}},"loc":{"start":{"line":30,"column":34},"end":{"line":30,"column":53}},"line":30},"3":{"name":"(anonymous_3)","decl":{"start":{"line":31,"column":13},"end":{"line":31,"column":14}},"loc":{"start":{"line":31,"column":28},"end":{"line":31,"column":46}},"line":31},"4":{"name":"(anonymous_4)","decl":{"start":{"line":42,"column":24},"end":{"line":42,"column":25}},"loc":{"start":{"line":43,"column":8},"end":{"line":43,"column":73}},"line":43},"5":{"name":"(anonymous_5)","decl":{"start":{"line":53,"column":19},"end":{"line":53,"column":20}},"loc":{"start":{"line":53,"column":34},"end":{"line":53,"column":53}},"line":53},"6":{"name":"(anonymous_6)","decl":{"start":{"line":61,"column":24},"end":{"line":61,"column":25}},"loc":{"start":{"line":61,"column":39},"end":{"line":61,"column":61}},"line":61}},"branchMap":{"0":{"loc":{"start":{"line":43,"column":8},"end":{"line":43,"column":73}},"type":"cond-expr","locations":[{"start":{"line":43,"column":19},"end":{"line":43,"column":47}},{"start":{"line":43,"column":50},"end":{"line":43,"column":73}}],"line":43}},"s":{"0":1,"1":2,"2":1,"3":2,"4":1,"5":2,"6":2,"7":1,"8":12,"9":1,"10":1,"11":12,"12":1,"13":10,"14":1},"f":{"0":2,"1":2,"2":2,"3":2,"4":12,"5":12,"6":10},"b":{"0":[0,12]},"_coverageSchema":"1a1c01bbd47fc00a2c39e90264f33305004495a9","hash":"2ccaf7bb9ec7a2127ab7dae317f109c122d75bcc"}
,"E:\\ignite\\react-native\\Aplicativos desenvolvidos\\GoFinancesID\\src\\screens\\Profile\\index.tsx": {"path":"E:\\ignite\\react-native\\Aplicativos desenvolvidos\\GoFinancesID\\src\\screens\\Profile\\index.tsx","statementMap":{"0":{"start":{"line":10,"column":5},"end":{"line":35,"column":6}}},"fnMap":{"0":{"name":"Profile","decl":{"start":{"line":9,"column":17},"end":{"line":9,"column":24}},"loc":{"start":{"line":9,"column":26},"end":{"line":36,"column":2}},"line":9},"1":{"name":"(anonymous_1)","decl":{"start":{"line":32,"column":25},"end":{"line":32,"column":26}},"loc":{"start":{"line":32,"column":31},"end":{"line":32,"column":33}},"line":32}},"branchMap":{},"s":{"0":3},"f":{"0":3,"1":0},"b":{},"_coverageSchema":"1a1c01bbd47fc00a2c39e90264f33305004495a9","hash":"2c65525112e5edae2359c0377f78d12a8c8518fe"}
,"E:\\ignite\\react-native\\Aplicativos desenvolvidos\\GoFinancesID\\src\\screens\\Register\\index.tsx": {"path":"E:\\ignite\\react-native\\Aplicativos desenvolvidos\\GoFinancesID\\src\\screens\\Register\\index.tsx","statementMap":{"0":{"start":{"line":39,"column":15},"end":{"line":48,"column":2}},"1":{"start":{"line":51,"column":50},"end":{"line":51,"column":62}},"2":{"start":{"line":52,"column":54},"end":{"line":52,"column":69}},"3":{"start":{"line":54,"column":21},"end":{"line":54,"column":30}},"4":{"start":{"line":56,"column":36},"end":{"line":59,"column":6}},"5":{"start":{"line":61,"column":23},"end":{"line":61,"column":38}},"6":{"start":{"line":68,"column":8},"end":{"line":70,"column":6}},"7":{"start":{"line":73,"column":8},"end":{"line":73,"column":32}},"8":{"start":{"line":77,"column":8},"end":{"line":77,"column":35}},"9":{"start":{"line":81,"column":8},"end":{"line":81,"column":36}},"10":{"start":{"line":85,"column":8},"end":{"line":86,"column":64}},"11":{"start":{"line":86,"column":12},"end":{"line":86,"column":64}},"12":{"start":{"line":88,"column":8},"end":{"line":89,"column":55}},"13":{"start":{"line":89,"column":12},"end":{"line":89,"column":55}},"14":{"start":{"line":91,"column":31},"end":{"line":98,"column":9}},"15":{"start":{"line":100,"column":8},"end":{"line":126,"column":9}},"16":{"start":{"line":101,"column":28},"end":{"line":101,"column":70}},"17":{"start":{"line":102,"column":25},"end":{"line":102,"column":60}},"18":{"start":{"line":103,"column":32},"end":{"line":103,"column":60}},"19":{"start":{"line":105,"column":34},"end":{"line":108,"column":13}},"20":{"start":{"line":110,"column":12},"end":{"line":110,"column":79}},"21":{"start":{"line":112,"column":12},"end":{"line":112,"column":39}},"22":{"start":{"line":114,"column":12},"end":{"line":114,"column":20}},"23":{"start":{"line":115,"column":12},"end":{"line":115,"column":35}},"24":{"start":{"line":116,"column":12},"end":{"line":119,"column":15}},"25":{"start":{"line":121,"column":12},"end":{"line":121,"column":44}},"26":{"start":{"line":124,"column":12},"end":{"line":124,"column":31}},"27":{"start":{"line":125,"column":12},"end":{"line":125,"column":51}},"28":{"start":{"line":128,"column":4},"end":{"line":196,"column":6}},"29":{"start":{"line":158,"column":51},"end":{"line":158,"column":91}},"30":{"start":{"line":165,"column":51},"end":{"line":165,"column":91}}},"fnMap":{"0":{"name":"Register","decl":{"start":{"line":50,"column":16},"end":{"line":50,"column":24}},"loc":{"start":{"line":50,"column":27},"end":{"line":197,"column":1}},"line":50},"1":{"name":"handleTransactionsTypeSelect","decl":{"start":{"line":72,"column":13},"end":{"line":72,"column":41}},"loc":{"start":{"line":72,"column":72},"end":{"line":74,"column":5}},"line":72},"2":{"name":"handleOpenSelectCategoryModal","decl":{"start":{"line":76,"column":13},"end":{"line":76,"column":42}},"loc":{"start":{"line":76,"column":45},"end":{"line":78,"column":5}},"line":76},"3":{"name":"handleCloseSelectCategoryModal","decl":{"start":{"line":80,"column":13},"end":{"line":80,"column":43}},"loc":{"start":{"line":80,"column":46},"end":{"line":82,"column":5}},"line":80},"4":{"name":"handleRegister","decl":{"start":{"line":84,"column":19},"end":{"line":84,"column":33}},"loc":{"start":{"line":84,"column":50},"end":{"line":127,"column":5}},"line":84},"5":{"name":"(anonymous_5)","decl":{"start":{"line":158,"column":45},"end":{"line":158,"column":46}},"loc":{"start":{"line":158,"column":51},"end":{"line":158,"column":91}},"line":158},"6":{"name":"(anonymous_6)","decl":{"start":{"line":165,"column":45},"end":{"line":165,"column":46}},"loc":{"start":{"line":165,"column":51},"end":{"line":165,"column":91}},"line":165}},"branchMap":{"0":{"loc":{"start":{"line":85,"column":8},"end":{"line":86,"column":64}},"type":"if","locations":[{"start":{"line":85,"column":8},"end":{"line":86,"column":64}},{"start":{},"end":{}}],"line":85},"1":{"loc":{"start":{"line":88,"column":8},"end":{"line":89,"column":55}},"type":"if","locations":[{"start":{"line":88,"column":8},"end":{"line":89,"column":55}},{"start":{},"end":{}}],"line":88},"2":{"loc":{"start":{"line":103,"column":32},"end":{"line":103,"column":60}},"type":"cond-expr","locations":[{"start":{"line":103,"column":39},"end":{"line":103,"column":55}},{"start":{"line":103,"column":58},"end":{"line":103,"column":60}}],"line":103},"3":{"loc":{"start":{"line":143,"column":39},"end":{"line":143,"column":73}},"type":"binary-expr","locations":[{"start":{"line":143,"column":39},"end":{"line":143,"column":50}},{"start":{"line":143,"column":54},"end":{"line":143,"column":73}}],"line":143},"4":{"loc":{"start":{"line":151,"column":39},"end":{"line":151,"column":77}},"type":"binary-expr","locations":[{"start":{"line":151,"column":39},"end":{"line":151,"column":52}},{"start":{"line":151,"column":56},"end":{"line":151,"column":77}}],"line":151}},"s":{"0":1,"1":2,"2":2,"3":2,"4":2,"5":2,"6":2,"7":0,"8":1,"9":0,"10":0,"11":0,"12":0,"13":0,"14":0,"15":0,"16":0,"17":0,"18":0,"19":0,"20":0,"21":0,"22":0,"23":0,"24":0,"25":0,"26":0,"27":0,"28":2,"29":0,"30":0},"f":{"0":2,"1":0,"2":1,"3":0,"4":0,"5":0,"6":0},"b":{"0":[0,0],"1":[0,0],"2":[0,0],"3":[2,0],"4":[2,0]},"_coverageSchema":"1a1c01bbd47fc00a2c39e90264f33305004495a9","hash":"2cf85be811b4812e0cc5b98cec0ff72a2c70ef62"}
,"E:\\ignite\\react-native\\Aplicativos desenvolvidos\\GoFinancesID\\src\\screens\\Register\\styles.ts": {"path":"E:\\ignite\\react-native\\Aplicativos desenvolvidos\\GoFinancesID\\src\\screens\\Register\\styles.ts","statementMap":{"0":{"start":{"line":4,"column":25},"end":{"line":7,"column":1}},"1":{"start":{"line":6,"column":39},"end":{"line":6,"column":62}},"2":{"start":{"line":10,"column":22},"end":{"line":19,"column":1}},"3":{"start":{"line":11,"column":39},"end":{"line":11,"column":59}},"4":{"start":{"line":21,"column":21},"end":{"line":25,"column":1}},"5":{"start":{"line":22,"column":34},"end":{"line":22,"column":53}},"6":{"start":{"line":24,"column":26},"end":{"line":24,"column":44}},"7":{"start":{"line":27,"column":20},"end":{"line":33,"column":1}},"8":{"start":{"line":36,"column":22},"end":{"line":36,"column":35}},"9":{"start":{"line":38,"column":32},"end":{"line":44,"column":1}}},"fnMap":{"0":{"name":"(anonymous_0)","decl":{"start":{"line":6,"column":24},"end":{"line":6,"column":25}},"loc":{"start":{"line":6,"column":39},"end":{"line":6,"column":62}},"line":6},"1":{"name":"(anonymous_1)","decl":{"start":{"line":11,"column":24},"end":{"line":11,"column":25}},"loc":{"start":{"line":11,"column":39},"end":{"line":11,"column":59}},"line":11},"2":{"name":"(anonymous_2)","decl":{"start":{"line":22,"column":19},"end":{"line":22,"column":20}},"loc":{"start":{"line":22,"column":34},"end":{"line":22,"column":53}},"line":22},"3":{"name":"(anonymous_3)","decl":{"start":{"line":24,"column":13},"end":{"line":24,"column":14}},"loc":{"start":{"line":24,"column":26},"end":{"line":24,"column":44}},"line":24}},"branchMap":{},"s":{"0":1,"1":2,"2":1,"3":2,"4":1,"5":2,"6":2,"7":1,"8":1,"9":1},"f":{"0":2,"1":2,"2":2,"3":2},"b":{},"_coverageSchema":"1a1c01bbd47fc00a2c39e90264f33305004495a9","hash":"cccfb5393bd99cfde393a1a1fad83ba200937d0c"}
,"E:\\ignite\\react-native\\Aplicativos desenvolvidos\\GoFinancesID\\src\\utils\\categories.ts": {"path":"E:\\ignite\\react-native\\Aplicativos desenvolvidos\\GoFinancesID\\src\\utils\\categories.ts","statementMap":{"0":{"start":{"line":1,"column":26},"end":{"line":8,"column":1}}},"fnMap":{},"branchMap":{},"s":{"0":1},"f":{},"b":{},"_coverageSchema":"1a1c01bbd47fc00a2c39e90264f33305004495a9","hash":"6733e1ef20dda9a4fb1cfe3983cb077678f2872a"}
}
